[0.035s] Invoking command in '/ros2_ws/src/color_ball_tracking/build/color_ball_tracking': CMAKE_PREFIX_PATH=${CMAKE_PREFIX_PATH}:/opt/ros/jazzy /usr/bin/cmake /ros2_ws/src/color_ball_tracking -DCMAKE_INSTALL_PREFIX=/ros2_ws/src/color_ball_tracking/install/color_ball_tracking
[0.385s] -- The C compiler identification is GNU 13.2.0
[0.624s] -- The CXX compiler identification is GNU 13.2.0
[0.677s] -- Detecting C compiler ABI info
[0.983s] -- Detecting C compiler ABI info - done
[1.008s] -- Check for working C compiler: /usr/bin/cc - skipped
[1.016s] -- Detecting C compile features
[1.018s] -- Detecting C compile features - done
[1.045s] -- Detecting CXX compiler ABI info
[1.342s] -- Detecting CXX compiler ABI info - done
[1.369s] -- Check for working CXX compiler: /usr/bin/c++ - skipped
[1.369s] -- Detecting CXX compile features
[1.371s] -- Detecting CXX compile features - done
[1.397s] -- Found ament_cmake: 2.5.2 (/opt/ros/jazzy/share/ament_cmake/cmake)
[1.866s] -- Found Python3: /usr/bin/python3 (found version "3.12.3") found components: Interpreter 
[2.403s] -- Found ament_lint_auto: 0.17.1 (/opt/ros/jazzy/share/ament_lint_auto/cmake)
[2.779s] -- Added test 'cppcheck' to perform static code analysis on C / C++ code
[2.780s] -- Configured cppcheck include dirs: 
[2.780s] -- Configured cppcheck exclude dirs and/or files: 
[2.785s] -- Added test 'flake8' to check Python code syntax and style conventions
[2.786s] -- Configured 'flake8' exclude dirs and/or files: 
[2.794s] -- Added test 'lint_cmake' to check CMake code style
[2.799s] -- Added test 'pep257' to check Python code against some of the docstring style conventions in PEP 257
[2.824s] -- Added test 'uncrustify' to check C / C++ code style
[2.825s] -- Configured uncrustify additional arguments: 
[2.830s] -- Added test 'xmllint' to check XML markup files
[2.838s] -- Configuring done (2.7s)
[2.849s] -- Generating done (0.0s)
[2.855s] -- Build files have been written to: /ros2_ws/src/color_ball_tracking/build/color_ball_tracking
[2.866s] Invoked command in '/ros2_ws/src/color_ball_tracking/build/color_ball_tracking' returned '0': CMAKE_PREFIX_PATH=${CMAKE_PREFIX_PATH}:/opt/ros/jazzy /usr/bin/cmake /ros2_ws/src/color_ball_tracking -DCMAKE_INSTALL_PREFIX=/ros2_ws/src/color_ball_tracking/install/color_ball_tracking
[2.869s] Invoking command in '/ros2_ws/src/color_ball_tracking/build/color_ball_tracking': CMAKE_PREFIX_PATH=${CMAKE_PREFIX_PATH}:/opt/ros/jazzy /usr/bin/cmake --build /ros2_ws/src/color_ball_tracking/build/color_ball_tracking -- -j12 -l12
[2.998s] Invoked command in '/ros2_ws/src/color_ball_tracking/build/color_ball_tracking' returned '0': CMAKE_PREFIX_PATH=${CMAKE_PREFIX_PATH}:/opt/ros/jazzy /usr/bin/cmake --build /ros2_ws/src/color_ball_tracking/build/color_ball_tracking -- -j12 -l12
[3.029s] Invoking command in '/ros2_ws/src/color_ball_tracking/build/color_ball_tracking': CMAKE_PREFIX_PATH=${CMAKE_PREFIX_PATH}:/opt/ros/jazzy /usr/bin/cmake --install /ros2_ws/src/color_ball_tracking/build/color_ball_tracking
[3.056s] -- Install configuration: ""
[3.056s] -- Installing: /ros2_ws/src/color_ball_tracking/install/color_ball_tracking/share/ament_index/resource_index/package_run_dependencies/color_ball_tracking
[3.057s] -- Installing: /ros2_ws/src/color_ball_tracking/install/color_ball_tracking/share/ament_index/resource_index/parent_prefix_path/color_ball_tracking
[3.058s] -- Installing: /ros2_ws/src/color_ball_tracking/install/color_ball_tracking/share/color_ball_tracking/environment/ament_prefix_path.sh
[3.058s] -- Installing: /ros2_ws/src/color_ball_tracking/install/color_ball_tracking/share/color_ball_tracking/environment/ament_prefix_path.dsv
[3.059s] -- Installing: /ros2_ws/src/color_ball_tracking/install/color_ball_tracking/share/color_ball_tracking/environment/path.sh
[3.059s] -- Installing: /ros2_ws/src/color_ball_tracking/install/color_ball_tracking/share/color_ball_tracking/environment/path.dsv
[3.059s] -- Installing: /ros2_ws/src/color_ball_tracking/install/color_ball_tracking/share/color_ball_tracking/local_setup.bash
[3.060s] -- Installing: /ros2_ws/src/color_ball_tracking/install/color_ball_tracking/share/color_ball_tracking/local_setup.sh
[3.060s] -- Installing: /ros2_ws/src/color_ball_tracking/install/color_ball_tracking/share/color_ball_tracking/local_setup.zsh
[3.061s] -- Installing: /ros2_ws/src/color_ball_tracking/install/color_ball_tracking/share/color_ball_tracking/local_setup.dsv
[3.061s] -- Installing: /ros2_ws/src/color_ball_tracking/install/color_ball_tracking/share/color_ball_tracking/package.dsv
[3.062s] -- Installing: /ros2_ws/src/color_ball_tracking/install/color_ball_tracking/share/ament_index/resource_index/packages/color_ball_tracking
[3.063s] -- Installing: /ros2_ws/src/color_ball_tracking/install/color_ball_tracking/share/color_ball_tracking/cmake/color_ball_trackingConfig.cmake
[3.063s] -- Installing: /ros2_ws/src/color_ball_tracking/install/color_ball_tracking/share/color_ball_tracking/cmake/color_ball_trackingConfig-version.cmake
[3.063s] -- Installing: /ros2_ws/src/color_ball_tracking/install/color_ball_tracking/share/color_ball_tracking/package.xml
[3.069s] Invoked command in '/ros2_ws/src/color_ball_tracking/build/color_ball_tracking' returned '0': CMAKE_PREFIX_PATH=${CMAKE_PREFIX_PATH}:/opt/ros/jazzy /usr/bin/cmake --install /ros2_ws/src/color_ball_tracking/build/color_ball_tracking
