[0.277s] DEBUG:colcon:Command line arguments: ['/usr/bin/colcon', 'build', '--packages-select', 'color_ball_tracking']
[0.277s] DEBUG:colcon:Parsed command line arguments: Namespace(log_base=None, log_level=None, verb_name='build', build_base='build', install_base='install', merge_install=False, symlink_install=False, test_result_base=None, continue_on_error=False, executor='parallel', parallel_workers=12, event_handlers=None, ignore_user_meta=False, metas=['./colcon.meta'], base_paths=['.'], packages_ignore=None, packages_ignore_regex=None, paths=None, packages_up_to=None, packages_up_to_regex=None, packages_above=None, packages_above_and_dependencies=None, packages_above_depth=None, packages_select_by_dep=None, packages_skip_by_dep=None, packages_skip_up_to=None, packages_select_build_failed=False, packages_skip_build_finished=False, packages_select_test_failures=False, packages_skip_test_passed=False, packages_select=['color_ball_tracking'], packages_skip=None, packages_select_regex=None, packages_skip_regex=None, packages_start=None, packages_end=None, cmake_args=None, cmake_target=None, cmake_target_skip_unavailable=False, cmake_clean_cache=False, cmake_clean_first=False, cmake_force_configure=False, ament_cmake_args=None, catkin_cmake_args=None, catkin_skip_building_tests=False, mixin_files=None, mixin=None, verb_parser=<colcon_mixin.mixin.mixin_argument.MixinArgumentDecorator object at 0x7f228906f920>, verb_extension=<colcon_core.verb.build.BuildVerb object at 0x7f228906f5c0>, main=<bound method BuildVerb.main of <colcon_core.verb.build.BuildVerb object at 0x7f228906f5c0>>, mixin_verb=('build',))
[0.376s] Level 1:colcon.colcon_core.package_discovery:discover_packages(colcon_meta) check parameters
[0.377s] INFO:colcon.colcon_metadata.package_discovery.colcon_meta:Using configuration from '/root/.colcon/metadata/default/Gazebo.meta'
[0.378s] INFO:colcon.colcon_metadata.package_discovery.colcon_meta:Using configuration from '/root/.colcon/metadata/default/fastrtps.meta'
[0.378s] Level 1:colcon.colcon_core.package_discovery:discover_packages(recursive) check parameters
[0.378s] Level 1:colcon.colcon_core.package_discovery:discover_packages(ignore) check parameters
[0.378s] Level 1:colcon.colcon_core.package_discovery:discover_packages(path) check parameters
[0.378s] Level 1:colcon.colcon_core.package_discovery:discover_packages(colcon_meta) discover
[0.378s] Level 1:colcon.colcon_core.package_discovery:discover_packages(recursive) discover
[0.378s] INFO:colcon.colcon_core.package_discovery:Crawling recursively for packages in '/ros2_ws/src/color_ball_tracking'
[0.379s] Level 1:colcon.colcon_core.package_identification:_identify(.) by extensions ['ignore', 'ignore_ament_install']
[0.379s] Level 1:colcon.colcon_core.package_identification:_identify(.) by extension 'ignore'
[0.379s] Level 1:colcon.colcon_core.package_identification:_identify(.) by extension 'ignore_ament_install'
[0.379s] Level 1:colcon.colcon_core.package_identification:_identify(.) by extensions ['colcon_pkg']
[0.379s] Level 1:colcon.colcon_core.package_identification:_identify(.) by extension 'colcon_pkg'
[0.379s] Level 1:colcon.colcon_core.package_identification:_identify(.) by extensions ['colcon_meta']
[0.379s] Level 1:colcon.colcon_core.package_identification:_identify(.) by extension 'colcon_meta'
[0.380s] Level 1:colcon.colcon_core.package_identification:_identify(.) by extensions ['ros']
[0.380s] Level 1:colcon.colcon_core.package_identification:_identify(.) by extension 'ros'
[0.445s] DEBUG:colcon.colcon_core.package_identification:Package '.' with type 'ros.ament_cmake' and name 'color_ball_tracking'
[0.445s] Level 1:colcon.colcon_core.package_discovery:discover_packages(recursive) using defaults
[0.445s] Level 1:colcon.colcon_core.package_discovery:discover_packages(ignore) discover
[0.445s] Level 1:colcon.colcon_core.package_discovery:discover_packages(ignore) using defaults
[0.445s] Level 1:colcon.colcon_core.package_discovery:discover_packages(path) discover
[0.445s] Level 1:colcon.colcon_core.package_discovery:discover_packages(path) using defaults
[0.485s] Level 5:colcon.colcon_core.verb:set package 'color_ball_tracking' build argument 'cmake_args' from command line to 'None'
[0.485s] Level 5:colcon.colcon_core.verb:set package 'color_ball_tracking' build argument 'cmake_target' from command line to 'None'
[0.485s] Level 5:colcon.colcon_core.verb:set package 'color_ball_tracking' build argument 'cmake_target_skip_unavailable' from command line to 'False'
[0.485s] Level 5:colcon.colcon_core.verb:set package 'color_ball_tracking' build argument 'cmake_clean_cache' from command line to 'False'
[0.485s] Level 5:colcon.colcon_core.verb:set package 'color_ball_tracking' build argument 'cmake_clean_first' from command line to 'False'
[0.485s] Level 5:colcon.colcon_core.verb:set package 'color_ball_tracking' build argument 'cmake_force_configure' from command line to 'False'
[0.485s] Level 5:colcon.colcon_core.verb:set package 'color_ball_tracking' build argument 'ament_cmake_args' from command line to 'None'
[0.485s] Level 5:colcon.colcon_core.verb:set package 'color_ball_tracking' build argument 'catkin_cmake_args' from command line to 'None'
[0.486s] Level 5:colcon.colcon_core.verb:set package 'color_ball_tracking' build argument 'catkin_skip_building_tests' from command line to 'False'
[0.486s] DEBUG:colcon.colcon_core.verb:Building package 'color_ball_tracking' with the following arguments: {'ament_cmake_args': None, 'build_base': '/ros2_ws/src/color_ball_tracking/build/color_ball_tracking', 'catkin_cmake_args': None, 'catkin_skip_building_tests': False, 'cmake_args': None, 'cmake_clean_cache': False, 'cmake_clean_first': False, 'cmake_force_configure': False, 'cmake_target': None, 'cmake_target_skip_unavailable': False, 'install_base': '/ros2_ws/src/color_ball_tracking/install/color_ball_tracking', 'merge_install': False, 'path': '/ros2_ws/src/color_ball_tracking', 'symlink_install': False, 'test_result_base': None}
[0.486s] INFO:colcon.colcon_core.executor:Executing jobs using 'parallel' executor
[0.487s] DEBUG:colcon.colcon_parallel_executor.executor.parallel:run_until_complete
[0.488s] INFO:colcon.colcon_ros.task.ament_cmake.build:Building ROS package in '/ros2_ws/src/color_ball_tracking' with build type 'ament_cmake'
[0.488s] INFO:colcon.colcon_cmake.task.cmake.build:Building CMake package in '/ros2_ws/src/color_ball_tracking'
[0.494s] INFO:colcon.colcon_core.plugin_system:Skipping extension 'colcon_core.shell.bat': Not used on non-Windows systems
[0.494s] INFO:colcon.colcon_core.shell:Skip shell extension 'powershell' for command environment: Not usable outside of PowerShell
[0.494s] DEBUG:colcon.colcon_core.shell:Skip shell extension 'dsv' for command environment
[0.521s] DEBUG:colcon.colcon_core.event_handler.log_command:Invoking command in '/ros2_ws/src/color_ball_tracking/build/color_ball_tracking': CMAKE_PREFIX_PATH=${CMAKE_PREFIX_PATH}:/opt/ros/jazzy /usr/bin/cmake --build /ros2_ws/src/color_ball_tracking/build/color_ball_tracking -- -j12 -l12
[0.649s] DEBUG:colcon.colcon_core.event_handler.log_command:Invoked command in '/ros2_ws/src/color_ball_tracking/build/color_ball_tracking' returned '0': CMAKE_PREFIX_PATH=${CMAKE_PREFIX_PATH}:/opt/ros/jazzy /usr/bin/cmake --build /ros2_ws/src/color_ball_tracking/build/color_ball_tracking -- -j12 -l12
[0.680s] DEBUG:colcon.colcon_core.event_handler.log_command:Invoking command in '/ros2_ws/src/color_ball_tracking/build/color_ball_tracking': CMAKE_PREFIX_PATH=${CMAKE_PREFIX_PATH}:/opt/ros/jazzy /usr/bin/cmake --install /ros2_ws/src/color_ball_tracking/build/color_ball_tracking
[0.712s] Level 1:colcon.colcon_core.environment:create_environment_scripts_only(color_ball_tracking)
[0.713s] DEBUG:colcon.colcon_core.event_handler.log_command:Invoked command in '/ros2_ws/src/color_ball_tracking/build/color_ball_tracking' returned '0': CMAKE_PREFIX_PATH=${CMAKE_PREFIX_PATH}:/opt/ros/jazzy /usr/bin/cmake --install /ros2_ws/src/color_ball_tracking/build/color_ball_tracking
[0.718s] Level 1:colcon.colcon_core.environment:checking '/ros2_ws/src/color_ball_tracking/install/color_ball_tracking' for CMake module files
[0.720s] Level 1:colcon.colcon_core.environment:checking '/ros2_ws/src/color_ball_tracking/install/color_ball_tracking' for CMake config files
[0.720s] Level 1:colcon.colcon_core.shell:create_environment_hook('color_ball_tracking', 'cmake_prefix_path')
[0.721s] INFO:colcon.colcon_core.shell:Creating environment hook '/ros2_ws/src/color_ball_tracking/install/color_ball_tracking/share/color_ball_tracking/hook/cmake_prefix_path.ps1'
[0.722s] INFO:colcon.colcon_core.shell:Creating environment descriptor '/ros2_ws/src/color_ball_tracking/install/color_ball_tracking/share/color_ball_tracking/hook/cmake_prefix_path.dsv'
[0.723s] INFO:colcon.colcon_core.shell:Creating environment hook '/ros2_ws/src/color_ball_tracking/install/color_ball_tracking/share/color_ball_tracking/hook/cmake_prefix_path.sh'
[0.725s] Level 1:colcon.colcon_core.environment:checking '/ros2_ws/src/color_ball_tracking/install/color_ball_tracking/bin'
[0.725s] Level 1:colcon.colcon_core.environment:checking '/ros2_ws/src/color_ball_tracking/install/color_ball_tracking/lib/pkgconfig/color_ball_tracking.pc'
[0.729s] Level 1:colcon.colcon_core.environment:checking '/ros2_ws/src/color_ball_tracking/install/color_ball_tracking/lib/python3.12/site-packages'
[0.729s] Level 1:colcon.colcon_core.environment:checking '/ros2_ws/src/color_ball_tracking/install/color_ball_tracking/bin'
[0.730s] INFO:colcon.colcon_core.shell:Creating package script '/ros2_ws/src/color_ball_tracking/install/color_ball_tracking/share/color_ball_tracking/package.ps1'
[0.732s] INFO:colcon.colcon_core.shell:Creating package descriptor '/ros2_ws/src/color_ball_tracking/install/color_ball_tracking/share/color_ball_tracking/package.dsv'
[0.733s] INFO:colcon.colcon_core.shell:Creating package script '/ros2_ws/src/color_ball_tracking/install/color_ball_tracking/share/color_ball_tracking/package.sh'
[0.734s] INFO:colcon.colcon_core.shell:Creating package script '/ros2_ws/src/color_ball_tracking/install/color_ball_tracking/share/color_ball_tracking/package.bash'
[0.735s] INFO:colcon.colcon_core.shell:Creating package script '/ros2_ws/src/color_ball_tracking/install/color_ball_tracking/share/color_ball_tracking/package.zsh'
[0.737s] Level 1:colcon.colcon_core.environment:create_file_with_runtime_dependencies(/ros2_ws/src/color_ball_tracking/install/color_ball_tracking/share/colcon-core/packages/color_ball_tracking)
[0.738s] Level 1:colcon.colcon_core.environment:create_environment_scripts_only(color_ball_tracking)
[0.738s] Level 1:colcon.colcon_core.environment:checking '/ros2_ws/src/color_ball_tracking/install/color_ball_tracking' for CMake module files
[0.739s] Level 1:colcon.colcon_core.environment:checking '/ros2_ws/src/color_ball_tracking/install/color_ball_tracking' for CMake config files
[0.740s] Level 1:colcon.colcon_core.shell:create_environment_hook('color_ball_tracking', 'cmake_prefix_path')
[0.740s] INFO:colcon.colcon_core.shell:Creating environment hook '/ros2_ws/src/color_ball_tracking/install/color_ball_tracking/share/color_ball_tracking/hook/cmake_prefix_path.ps1'
[0.741s] INFO:colcon.colcon_core.shell:Creating environment descriptor '/ros2_ws/src/color_ball_tracking/install/color_ball_tracking/share/color_ball_tracking/hook/cmake_prefix_path.dsv'
[0.742s] INFO:colcon.colcon_core.shell:Creating environment hook '/ros2_ws/src/color_ball_tracking/install/color_ball_tracking/share/color_ball_tracking/hook/cmake_prefix_path.sh'
[0.743s] Level 1:colcon.colcon_core.environment:checking '/ros2_ws/src/color_ball_tracking/install/color_ball_tracking/bin'
[0.743s] Level 1:colcon.colcon_core.environment:checking '/ros2_ws/src/color_ball_tracking/install/color_ball_tracking/lib/pkgconfig/color_ball_tracking.pc'
[0.744s] Level 1:colcon.colcon_core.environment:checking '/ros2_ws/src/color_ball_tracking/install/color_ball_tracking/lib/python3.12/site-packages'
[0.744s] Level 1:colcon.colcon_core.environment:checking '/ros2_ws/src/color_ball_tracking/install/color_ball_tracking/bin'
[0.744s] INFO:colcon.colcon_core.shell:Creating package script '/ros2_ws/src/color_ball_tracking/install/color_ball_tracking/share/color_ball_tracking/package.ps1'
[0.746s] INFO:colcon.colcon_core.shell:Creating package descriptor '/ros2_ws/src/color_ball_tracking/install/color_ball_tracking/share/color_ball_tracking/package.dsv'
[0.747s] INFO:colcon.colcon_core.shell:Creating package script '/ros2_ws/src/color_ball_tracking/install/color_ball_tracking/share/color_ball_tracking/package.sh'
[0.748s] INFO:colcon.colcon_core.shell:Creating package script '/ros2_ws/src/color_ball_tracking/install/color_ball_tracking/share/color_ball_tracking/package.bash'
[0.748s] INFO:colcon.colcon_core.shell:Creating package script '/ros2_ws/src/color_ball_tracking/install/color_ball_tracking/share/color_ball_tracking/package.zsh'
[0.749s] Level 1:colcon.colcon_core.environment:create_file_with_runtime_dependencies(/ros2_ws/src/color_ball_tracking/install/color_ball_tracking/share/colcon-core/packages/color_ball_tracking)
[0.750s] DEBUG:colcon.colcon_parallel_executor.executor.parallel:closing loop
[0.751s] DEBUG:colcon.colcon_parallel_executor.executor.parallel:loop closed
[0.751s] DEBUG:colcon.colcon_parallel_executor.executor.parallel:run_until_complete finished with '0'
[0.751s] DEBUG:colcon.colcon_core.event_reactor:joining thread
[0.768s] INFO:colcon.colcon_core.plugin_system:Skipping extension 'colcon_notification.desktop_notification.notify_send': Could not find 'notify-send'
[0.769s] INFO:colcon.colcon_core.plugin_system:Skipping extension 'colcon_notification.desktop_notification.terminal_notifier': Not used on non-Darwin systems
[0.769s] INFO:colcon.colcon_core.plugin_system:Skipping extension 'colcon_notification.desktop_notification.win32': Not used on non-Windows systems
[0.769s] INFO:colcon.colcon_notification.desktop_notification:Sending desktop notification using 'notify2'
[0.775s] DEBUG:colcon.colcon_notification.desktop_notification.notify2:Failed to initialize notify2: org.freedesktop.DBus.Error.Spawn.ExecFailed: /usr/bin/dbus-launch terminated abnormally without any error message
[0.776s] DEBUG:colcon.colcon_core.event_reactor:joined thread
[0.777s] INFO:colcon.colcon_core.shell:Creating prefix script '/ros2_ws/src/color_ball_tracking/install/local_setup.ps1'
[0.779s] INFO:colcon.colcon_core.shell:Creating prefix util module '/ros2_ws/src/color_ball_tracking/install/_local_setup_util_ps1.py'
[0.782s] INFO:colcon.colcon_core.shell:Creating prefix chain script '/ros2_ws/src/color_ball_tracking/install/setup.ps1'
[0.784s] INFO:colcon.colcon_core.shell:Creating prefix script '/ros2_ws/src/color_ball_tracking/install/local_setup.sh'
[0.785s] INFO:colcon.colcon_core.shell:Creating prefix util module '/ros2_ws/src/color_ball_tracking/install/_local_setup_util_sh.py'
[0.787s] INFO:colcon.colcon_core.shell:Creating prefix chain script '/ros2_ws/src/color_ball_tracking/install/setup.sh'
[0.789s] INFO:colcon.colcon_core.shell:Creating prefix script '/ros2_ws/src/color_ball_tracking/install/local_setup.bash'
[0.790s] INFO:colcon.colcon_core.shell:Creating prefix chain script '/ros2_ws/src/color_ball_tracking/install/setup.bash'
[0.792s] INFO:colcon.colcon_core.shell:Creating prefix script '/ros2_ws/src/color_ball_tracking/install/local_setup.zsh'
[0.793s] INFO:colcon.colcon_core.shell:Creating prefix chain script '/ros2_ws/src/color_ball_tracking/install/setup.zsh'
